2.8728 	WARNING 	We strongly recommend you activate the PTB sound engine in PsychoPy prefs as the preferred audio engine. Its timing is vastly superior. Your prefs are currently set to use ['sounddevice', 'PTB', 'pyo', 'pygame'] (in that order).
10.8607 	WARNING 	User requested fullscreen with size [1024  768], but screen is actually [1920, 1080]. Using actual size
12.5958 	EXP 	Created window1 = Window(allowGUI=True, allowStencil=False, autoLog=True, backendConf=UNKNOWN, bitsMode=UNKNOWN, blendMode='avg', bpc=(8, 8, 8), color=array([0, 0, 0]), colorSpace='rgb', depthBits=8, fullscr=<method-wrapper '__getattribute__' of attributeSetter object at 0x000001C693949CD0>, gamma=None, gammaErrorPolicy='raise', lms=UNKNOWN, monitor=<psychopy.monitors.calibTools.Monitor object at 0x000001C6974CCF40>, multiSample=False, name='window1', numSamples=2, pos=(0, 0), screen=0, size=array([1920, 1080]), stencilBits=0, stereo=False, units='height', useFBO=True, useRetina=False, viewOri=0.0, viewPos=None, viewScale=None, waitBlanking=True, winType='pyglet')
12.5960 	EXP 	window1: mouseVisible = True
12.5961 	EXP 	window1: mouseVisible = False
12.5961 	EXP 	window1: Attempting to measure frame rate of screen (0) ...
12.5962 	EXP 	window1: recordFrameIntervals = False
12.7616 	EXP 	window1: recordFrameIntervals = True
12.9454 	EXP 	Screen (0) actual frame rate measured at 59.96Hz
12.9455 	EXP 	window1: recordFrameIntervals = False
16.6065 	EXP 	Created fixation = ShapeStim(__class__=<class 'psychopy.visual.shape.ShapeStim'>, anchor=('center', 'center'), autoDraw=False, autoLog=True, closeShape=True, color=method-wrapper(...), colorSpace='rgb', contrast=None, depth=-1.0, fillColor=array([1, 1, 1]), fillColorSpace='rgb', fillRGB=array([1, 1, 1]), interpolate=True, lineColor=array([1., 1., 1.]), lineColorSpace='rgb', lineRGB=array([1, 1, 1]), lineWidth=1.0, name='fixation', opacity=1.0, ori=0.0, pos=array([0., 0.]), size=array([10., 10.]), units='pix', vertices=ndarray(...), win=Window(...), windingRule=None)
16.6206 	EXP 	Created grating = GratingStim(__class__=<class 'psychopy.visual.grating.GratingStim'>, anchor='center', autoDraw=False, autoLog=True, blendmode='avg', color=array([1., 1., 1.]), colorSpace='rgb', contrast=1.0, depth=-2.0, interpolate=True, mask='circle', maskParams=None, name='grating', opacity=1.0, ori=0.0, phase=array([0., 0.]), pos=array([0., 0.]), rgbPedestal=array([0., 0., 0.]), sf=array([5., 5.]), size=array([0.1, 0.1]), tex='sin', texRes=128.0, units='height', win=Window(...))
16.6318 	EXP 	Imported C:/Users/Yashi/Desktop/Lab in Psychology/conditions.xlsx as conditions, 1 conditions, 5 params
16.9645 	EXP 	window1: recordFrameIntervals = False
16.9665 	EXP 	window1: recordFrameIntervals = False
17.9799 	EXP 	fixation: autoDraw = True
18.6681 	EXP 	grating: autoDraw = True
18.6681 	EXP 	grating: tex = 'sin'
18.9772 	EXP 	grating: autoDraw = False
18.9938 	EXP 	fixation: autoDraw = False
19.4122 	EXP 	window1: recordFrameIntervals = False
19.4139 	DATA 	Keypress: right
19.4270 	EXP 	fixation: autoDraw = False
19.4270 	EXP 	grating: autoDraw = False
19.4272 	EXP 	window1: recordFrameIntervals = False
20.4007 	EXP 	fixation: autoDraw = True
21.4102 	EXP 	fixation: autoDraw = False
21.4270 	EXP 	grating: autoDraw = True
21.4270 	EXP 	grating: tex = 'sin'
21.7268 	EXP 	grating: autoDraw = False
22.0283 	EXP 	window1: recordFrameIntervals = False
22.0291 	DATA 	Keypress: right
22.0433 	EXP 	fixation: autoDraw = False
22.0433 	EXP 	grating: autoDraw = False
22.0435 	EXP 	window1: recordFrameIntervals = False
23.0175 	EXP 	fixation: autoDraw = True
24.0265 	EXP 	fixation: autoDraw = False
24.0433 	EXP 	grating: autoDraw = True
24.0433 	EXP 	grating: tex = 'sin'
24.3431 	EXP 	grating: autoDraw = False
24.4282 	EXP 	window1: recordFrameIntervals = False
24.4290 	DATA 	Keypress: left
24.4430 	EXP 	fixation: autoDraw = False
24.4430 	EXP 	grating: autoDraw = False
24.4432 	EXP 	window1: recordFrameIntervals = False
25.4163 	EXP 	fixation: autoDraw = True
26.4262 	EXP 	fixation: autoDraw = False
26.4431 	EXP 	grating: autoDraw = True
26.4431 	EXP 	grating: tex = 'sin'
26.7429 	EXP 	grating: autoDraw = False
27.0780 	DATA 	Keypress: left
27.0944 	EXP 	window1: recordFrameIntervals = False
27.1096 	EXP 	fixation: autoDraw = False
27.1096 	EXP 	grating: autoDraw = False
27.1097 	EXP 	window1: recordFrameIntervals = False
28.0835 	EXP 	fixation: autoDraw = True
29.0924 	EXP 	fixation: autoDraw = False
29.1092 	EXP 	grating: autoDraw = True
29.1092 	EXP 	grating: tex = 'sin'
29.4091 	EXP 	grating: autoDraw = False
29.5942 	EXP 	window1: recordFrameIntervals = False
29.5949 	DATA 	Keypress: right
29.6091 	EXP 	fixation: autoDraw = False
29.6091 	EXP 	grating: autoDraw = False
29.6092 	EXP 	window1: recordFrameIntervals = False
30.5819 	EXP 	fixation: autoDraw = True
31.5922 	EXP 	fixation: autoDraw = False
31.6090 	EXP 	grating: autoDraw = True
31.6090 	EXP 	grating: tex = 'sin'
31.9090 	EXP 	grating: autoDraw = False
32.1605 	EXP 	window1: recordFrameIntervals = False
32.1615 	DATA 	Keypress: right
32.1755 	EXP 	fixation: autoDraw = False
32.1755 	EXP 	grating: autoDraw = False
32.1757 	EXP 	window1: recordFrameIntervals = False
33.1489 	EXP 	fixation: autoDraw = True
34.1586 	EXP 	fixation: autoDraw = False
34.1752 	EXP 	grating: autoDraw = True
34.1752 	EXP 	grating: tex = 'sin'
34.4751 	EXP 	grating: autoDraw = False
34.7603 	EXP 	window1: recordFrameIntervals = False
34.7612 	DATA 	Keypress: right
34.7751 	EXP 	fixation: autoDraw = False
34.7751 	EXP 	grating: autoDraw = False
34.7752 	EXP 	window1: recordFrameIntervals = False
35.7482 	EXP 	fixation: autoDraw = True
36.7583 	EXP 	fixation: autoDraw = False
36.7750 	EXP 	grating: autoDraw = True
36.7750 	EXP 	grating: tex = 'sin'
37.0749 	EXP 	grating: autoDraw = False
37.2602 	EXP 	window1: recordFrameIntervals = False
37.2610 	DATA 	Keypress: right
37.2749 	EXP 	fixation: autoDraw = False
37.2749 	EXP 	grating: autoDraw = False
37.2751 	EXP 	window1: recordFrameIntervals = False
38.2485 	EXP 	fixation: autoDraw = True
39.2580 	EXP 	fixation: autoDraw = False
39.2748 	EXP 	grating: autoDraw = True
39.2748 	EXP 	grating: tex = 'sin'
39.5744 	EXP 	grating: autoDraw = False
39.7262 	EXP 	window1: recordFrameIntervals = False
39.7271 	DATA 	Keypress: right
39.7411 	EXP 	fixation: autoDraw = False
39.7411 	EXP 	grating: autoDraw = False
39.7413 	EXP 	window1: recordFrameIntervals = False
40.7154 	EXP 	fixation: autoDraw = True
41.7242 	EXP 	fixation: autoDraw = False
41.7413 	EXP 	grating: autoDraw = True
41.7413 	EXP 	grating: tex = 'sin'
42.0411 	EXP 	grating: autoDraw = False
42.1927 	EXP 	window1: recordFrameIntervals = False
42.1936 	DATA 	Keypress: right
42.2075 	EXP 	fixation: autoDraw = False
42.2075 	EXP 	grating: autoDraw = False
42.2077 	EXP 	window1: recordFrameIntervals = False
43.1814 	EXP 	fixation: autoDraw = True
44.1908 	EXP 	fixation: autoDraw = False
44.2074 	EXP 	grating: autoDraw = True
44.2074 	EXP 	grating: tex = 'sin'
44.5072 	EXP 	grating: autoDraw = False
44.6760 	EXP 	window1: recordFrameIntervals = False
44.6769 	DATA 	Keypress: right
44.6907 	EXP 	fixation: autoDraw = False
44.6907 	EXP 	grating: autoDraw = False
44.6908 	EXP 	window1: recordFrameIntervals = False
45.6644 	EXP 	fixation: autoDraw = True
46.6736 	EXP 	fixation: autoDraw = False
46.6903 	EXP 	grating: autoDraw = True
46.6903 	EXP 	grating: tex = 'sin'
46.9902 	EXP 	grating: autoDraw = False
47.0757 	EXP 	window1: recordFrameIntervals = False
47.0768 	DATA 	Keypress: right
47.0902 	EXP 	fixation: autoDraw = False
47.0902 	EXP 	grating: autoDraw = False
47.0903 	EXP 	window1: recordFrameIntervals = False
48.0638 	EXP 	fixation: autoDraw = True
49.0734 	EXP 	fixation: autoDraw = False
49.0902 	EXP 	grating: autoDraw = True
49.0902 	EXP 	grating: tex = 'sin'
49.3899 	EXP 	grating: autoDraw = False
49.5749 	EXP 	window1: recordFrameIntervals = False
49.5756 	DATA 	Keypress: right
49.5899 	EXP 	fixation: autoDraw = False
49.5899 	EXP 	grating: autoDraw = False
49.5900 	EXP 	window1: recordFrameIntervals = False
50.5637 	EXP 	fixation: autoDraw = True
51.5729 	EXP 	fixation: autoDraw = False
51.5897 	EXP 	grating: autoDraw = True
51.5897 	EXP 	grating: tex = 'sin'
51.8896 	EXP 	grating: autoDraw = False
52.0578 	EXP 	window1: recordFrameIntervals = False
52.0588 	DATA 	Keypress: left
52.0730 	EXP 	fixation: autoDraw = False
52.0730 	EXP 	grating: autoDraw = False
52.0731 	EXP 	window1: recordFrameIntervals = False
53.0459 	EXP 	fixation: autoDraw = True
54.0558 	EXP 	fixation: autoDraw = False
54.0727 	EXP 	grating: autoDraw = True
54.0727 	EXP 	grating: tex = 'sin'
54.3726 	EXP 	grating: autoDraw = False
54.4575 	EXP 	window1: recordFrameIntervals = False
54.4585 	DATA 	Keypress: left
54.4727 	EXP 	fixation: autoDraw = False
54.4727 	EXP 	grating: autoDraw = False
54.4728 	EXP 	window1: recordFrameIntervals = False
55.4457 	EXP 	fixation: autoDraw = True
56.4558 	EXP 	fixation: autoDraw = False
56.4724 	EXP 	grating: autoDraw = True
56.4724 	EXP 	grating: tex = 'sin'
56.7721 	EXP 	grating: autoDraw = False
56.9404 	EXP 	window1: recordFrameIntervals = False
56.9410 	DATA 	Keypress: left
56.9556 	EXP 	fixation: autoDraw = False
56.9556 	EXP 	grating: autoDraw = False
56.9557 	EXP 	window1: recordFrameIntervals = False
57.9287 	EXP 	fixation: autoDraw = True
58.9389 	EXP 	fixation: autoDraw = False
58.9555 	EXP 	grating: autoDraw = True
58.9555 	EXP 	grating: tex = 'sin'
59.2552 	EXP 	grating: autoDraw = False
59.2905 	EXP 	window1: recordFrameIntervals = False
59.2914 	DATA 	Keypress: right
59.3053 	EXP 	fixation: autoDraw = False
59.3053 	EXP 	grating: autoDraw = False
59.3056 	EXP 	window1: recordFrameIntervals = False
60.2793 	EXP 	fixation: autoDraw = True
61.2884 	EXP 	fixation: autoDraw = False
61.3053 	EXP 	grating: autoDraw = True
61.3053 	EXP 	grating: tex = 'sin'
61.6051 	EXP 	grating: autoDraw = False
61.7065 	EXP 	window1: recordFrameIntervals = False
61.7073 	DATA 	Keypress: right
61.7216 	EXP 	fixation: autoDraw = False
61.7216 	EXP 	grating: autoDraw = False
61.7218 	EXP 	window1: recordFrameIntervals = False
62.6959 	EXP 	fixation: autoDraw = True
63.7047 	EXP 	fixation: autoDraw = False
63.7216 	EXP 	grating: autoDraw = True
63.7216 	EXP 	grating: tex = 'sin'
64.0215 	EXP 	grating: autoDraw = False
64.1565 	EXP 	window1: recordFrameIntervals = False
64.1572 	DATA 	Keypress: right
64.1713 	EXP 	fixation: autoDraw = False
64.1713 	EXP 	grating: autoDraw = False
64.1715 	EXP 	window1: recordFrameIntervals = False
65.1458 	EXP 	fixation: autoDraw = True
66.1544 	EXP 	fixation: autoDraw = False
66.1715 	EXP 	grating: autoDraw = True
66.1715 	EXP 	grating: tex = 'sin'
66.4710 	EXP 	grating: autoDraw = False
66.5897 	EXP 	window1: recordFrameIntervals = False
66.5905 	DATA 	Keypress: right
66.6043 	EXP 	fixation: autoDraw = False
66.6043 	EXP 	grating: autoDraw = False
66.6045 	EXP 	window1: recordFrameIntervals = False
67.5777 	EXP 	fixation: autoDraw = True
68.5874 	EXP 	fixation: autoDraw = False
68.6042 	EXP 	grating: autoDraw = True
68.6042 	EXP 	grating: tex = 'sin'
68.9040 	EXP 	grating: autoDraw = False
68.9892 	EXP 	window1: recordFrameIntervals = False
68.9900 	DATA 	Keypress: right
69.0041 	EXP 	fixation: autoDraw = False
69.0041 	EXP 	grating: autoDraw = False
69.0042 	EXP 	window1: recordFrameIntervals = False
69.9787 	EXP 	fixation: autoDraw = True
70.9873 	EXP 	fixation: autoDraw = False
71.0039 	EXP 	grating: autoDraw = True
71.0039 	EXP 	grating: tex = 'sin'
71.3039 	EXP 	grating: autoDraw = False
71.3391 	EXP 	window1: recordFrameIntervals = False
71.3399 	DATA 	Keypress: right
71.3540 	EXP 	fixation: autoDraw = False
71.3540 	EXP 	grating: autoDraw = False
71.3541 	EXP 	window1: recordFrameIntervals = False
72.3273 	EXP 	fixation: autoDraw = True
73.3367 	EXP 	fixation: autoDraw = False
73.3534 	EXP 	grating: autoDraw = True
73.3534 	EXP 	grating: tex = 'sin'
73.6535 	EXP 	grating: autoDraw = False
73.7216 	EXP 	window1: recordFrameIntervals = False
73.7224 	DATA 	Keypress: left
73.7368 	EXP 	fixation: autoDraw = False
73.7368 	EXP 	grating: autoDraw = False
73.7369 	EXP 	window1: recordFrameIntervals = False
74.7104 	EXP 	fixation: autoDraw = True
75.7200 	EXP 	fixation: autoDraw = False
75.7365 	EXP 	grating: autoDraw = True
75.7365 	EXP 	grating: tex = 'sin'
76.0363 	EXP 	grating: autoDraw = False
76.1546 	EXP 	window1: recordFrameIntervals = False
76.1553 	DATA 	Keypress: left
76.1698 	EXP 	fixation: autoDraw = False
76.1698 	EXP 	grating: autoDraw = False
76.1700 	EXP 	window1: recordFrameIntervals = False
77.1423 	EXP 	fixation: autoDraw = True
78.1530 	EXP 	fixation: autoDraw = False
78.1698 	EXP 	grating: autoDraw = True
78.1698 	EXP 	grating: tex = 'sin'
78.4695 	EXP 	grating: autoDraw = False
78.6044 	EXP 	window1: recordFrameIntervals = False
78.6052 	DATA 	Keypress: left
78.6195 	EXP 	fixation: autoDraw = False
78.6195 	EXP 	grating: autoDraw = False
78.6197 	EXP 	window1: recordFrameIntervals = False
79.5934 	EXP 	fixation: autoDraw = True
80.6026 	EXP 	fixation: autoDraw = False
80.6194 	EXP 	grating: autoDraw = True
80.6194 	EXP 	grating: tex = 'sin'
80.9192 	EXP 	grating: autoDraw = False
80.9543 	EXP 	window1: recordFrameIntervals = False
80.9552 	DATA 	Keypress: left
80.9692 	EXP 	fixation: autoDraw = False
80.9692 	EXP 	grating: autoDraw = False
80.9693 	EXP 	window1: recordFrameIntervals = False
81.9424 	EXP 	fixation: autoDraw = True
82.9523 	EXP 	fixation: autoDraw = False
82.9691 	EXP 	grating: autoDraw = True
82.9691 	EXP 	grating: tex = 'sin'
83.2690 	EXP 	grating: autoDraw = False
83.5036 	EXP 	window1: recordFrameIntervals = False
83.5045 	DATA 	Keypress: left
83.5188 	EXP 	fixation: autoDraw = False
83.5188 	EXP 	grating: autoDraw = False
83.5189 	EXP 	window1: recordFrameIntervals = False
84.2895 	DATA 	Mouse: Left button down, pos=(929,534)
84.2898 	DATA 	Mouse:  Left button up, pos=(929,534)
84.4925 	EXP 	fixation: autoDraw = True
85.5019 	EXP 	fixation: autoDraw = False
85.5186 	EXP 	grating: autoDraw = True
85.5186 	EXP 	grating: tex = 'sin'
85.8185 	EXP 	grating: autoDraw = False
85.9369 	EXP 	window1: recordFrameIntervals = False
85.9376 	DATA 	Keypress: right
85.9520 	EXP 	fixation: autoDraw = False
85.9520 	EXP 	grating: autoDraw = False
85.9521 	EXP 	window1: recordFrameIntervals = False
86.9255 	EXP 	fixation: autoDraw = True
87.9349 	EXP 	fixation: autoDraw = False
87.9517 	EXP 	grating: autoDraw = True
87.9517 	EXP 	grating: tex = 'sin'
88.2515 	EXP 	grating: autoDraw = False
88.3366 	EXP 	window1: recordFrameIntervals = False
88.3373 	DATA 	Keypress: right
88.3515 	EXP 	fixation: autoDraw = False
88.3515 	EXP 	grating: autoDraw = False
88.3517 	EXP 	window1: recordFrameIntervals = False
89.3256 	EXP 	fixation: autoDraw = True
90.3346 	EXP 	fixation: autoDraw = False
90.3514 	EXP 	grating: autoDraw = True
90.3514 	EXP 	grating: tex = 'sin'
90.6513 	EXP 	grating: autoDraw = False
90.6862 	EXP 	window1: recordFrameIntervals = False
90.6871 	DATA 	Keypress: left
90.7014 	EXP 	fixation: autoDraw = False
90.7014 	EXP 	grating: autoDraw = False
90.7015 	EXP 	window1: recordFrameIntervals = False
91.6749 	EXP 	fixation: autoDraw = True
92.6843 	EXP 	fixation: autoDraw = False
92.7012 	EXP 	grating: autoDraw = True
92.7012 	EXP 	grating: tex = 'sin'
93.0010 	EXP 	grating: autoDraw = False
93.1192 	EXP 	window1: recordFrameIntervals = False
93.1201 	DATA 	Keypress: left
93.1343 	EXP 	fixation: autoDraw = False
93.1343 	EXP 	grating: autoDraw = False
93.1345 	EXP 	window1: recordFrameIntervals = False
94.1073 	EXP 	fixation: autoDraw = True
95.1173 	EXP 	fixation: autoDraw = False
95.1342 	EXP 	grating: autoDraw = True
95.1342 	EXP 	grating: tex = 'sin'
95.4339 	EXP 	grating: autoDraw = False
95.5022 	EXP 	window1: recordFrameIntervals = False
95.5031 	DATA 	Keypress: left
95.5173 	EXP 	fixation: autoDraw = False
95.5173 	EXP 	grating: autoDraw = False
95.5174 	EXP 	window1: recordFrameIntervals = False
96.4915 	EXP 	fixation: autoDraw = True
97.5005 	EXP 	fixation: autoDraw = False
97.5172 	EXP 	grating: autoDraw = True
97.5172 	EXP 	grating: tex = 'sin'
97.8171 	EXP 	grating: autoDraw = False
97.8687 	DATA 	Keypress: left
97.8854 	EXP 	window1: recordFrameIntervals = False
97.9004 	EXP 	fixation: autoDraw = False
97.9004 	EXP 	grating: autoDraw = False
97.9006 	EXP 	window1: recordFrameIntervals = False
98.8739 	EXP 	fixation: autoDraw = True
99.8835 	EXP 	fixation: autoDraw = False
99.9003 	EXP 	grating: autoDraw = True
99.9003 	EXP 	grating: tex = 'sin'
100.2001 	EXP 	grating: autoDraw = False
100.2517 	EXP 	window1: recordFrameIntervals = False
100.2527 	DATA 	Keypress: left
100.2666 	EXP 	fixation: autoDraw = False
100.2666 	EXP 	grating: autoDraw = False
100.2668 	EXP 	window1: recordFrameIntervals = False
101.2406 	EXP 	fixation: autoDraw = True
102.2498 	EXP 	fixation: autoDraw = False
102.2666 	EXP 	grating: autoDraw = True
102.2666 	EXP 	grating: tex = 'sin'
102.5665 	EXP 	grating: autoDraw = False
102.6348 	EXP 	window1: recordFrameIntervals = False
102.6357 	DATA 	Keypress: right
102.6497 	EXP 	fixation: autoDraw = False
102.6497 	EXP 	grating: autoDraw = False
102.6499 	EXP 	window1: recordFrameIntervals = False
103.6233 	EXP 	fixation: autoDraw = True
104.6327 	EXP 	fixation: autoDraw = False
104.6499 	EXP 	grating: autoDraw = True
104.6499 	EXP 	grating: tex = 'sin'
104.9494 	EXP 	grating: autoDraw = False
105.0011 	EXP 	window1: recordFrameIntervals = False
105.0019 	DATA 	Keypress: left
105.0162 	EXP 	fixation: autoDraw = False
105.0162 	EXP 	grating: autoDraw = False
105.0163 	EXP 	window1: recordFrameIntervals = False
105.9904 	EXP 	fixation: autoDraw = True
106.9992 	EXP 	fixation: autoDraw = False
107.0158 	EXP 	grating: autoDraw = True
107.0158 	EXP 	grating: tex = 'sin'
107.3158 	EXP 	grating: autoDraw = False
107.5342 	EXP 	window1: recordFrameIntervals = False
107.5350 	DATA 	Keypress: right
107.5491 	EXP 	fixation: autoDraw = False
107.5491 	EXP 	grating: autoDraw = False
107.5492 	EXP 	window1: recordFrameIntervals = False
108.5229 	EXP 	fixation: autoDraw = True
109.5322 	EXP 	fixation: autoDraw = False
109.5489 	EXP 	grating: autoDraw = True
109.5489 	EXP 	grating: tex = 'sin'
109.8486 	EXP 	grating: autoDraw = False
109.9172 	EXP 	window1: recordFrameIntervals = False
109.9183 	DATA 	Keypress: left
109.9323 	EXP 	fixation: autoDraw = False
109.9323 	EXP 	grating: autoDraw = False
109.9325 	EXP 	window1: recordFrameIntervals = False
110.9062 	EXP 	fixation: autoDraw = True
111.9153 	EXP 	fixation: autoDraw = False
111.9320 	EXP 	grating: autoDraw = True
111.9320 	EXP 	grating: tex = 'sin'
112.2319 	EXP 	grating: autoDraw = False
112.5168 	EXP 	window1: recordFrameIntervals = False
112.5176 	DATA 	Keypress: left
112.5319 	EXP 	fixation: autoDraw = False
112.5319 	EXP 	grating: autoDraw = False
112.5320 	EXP 	window1: recordFrameIntervals = False
113.5061 	EXP 	fixation: autoDraw = True
113.9004 	DATA 	Keypress: right
114.5149 	EXP 	fixation: autoDraw = False
114.5316 	EXP 	grating: autoDraw = True
114.5316 	EXP 	grating: tex = 'sin'
114.8317 	EXP 	grating: autoDraw = False
115.1330 	EXP 	window1: recordFrameIntervals = False
115.1338 	DATA 	Keypress: left
115.1481 	EXP 	fixation: autoDraw = False
115.1481 	EXP 	grating: autoDraw = False
115.1483 	EXP 	window1: recordFrameIntervals = False
116.1206 	EXP 	fixation: autoDraw = True
117.1313 	EXP 	fixation: autoDraw = False
117.1479 	EXP 	grating: autoDraw = True
117.1479 	EXP 	grating: tex = 'sin'
117.4477 	EXP 	grating: autoDraw = False
117.6658 	EXP 	window1: recordFrameIntervals = False
117.6665 	DATA 	Keypress: right
117.6812 	EXP 	fixation: autoDraw = False
117.6812 	EXP 	grating: autoDraw = False
117.6813 	EXP 	window1: recordFrameIntervals = False
118.6544 	EXP 	fixation: autoDraw = True
119.6640 	EXP 	fixation: autoDraw = False
119.6806 	EXP 	grating: autoDraw = True
119.6806 	EXP 	grating: tex = 'sin'
119.9804 	EXP 	grating: autoDraw = False
120.3489 	EXP 	window1: recordFrameIntervals = False
120.3495 	DATA 	Keypress: right
120.3641 	EXP 	fixation: autoDraw = False
120.3641 	EXP 	grating: autoDraw = False
120.3642 	EXP 	window1: recordFrameIntervals = False
121.3385 	EXP 	fixation: autoDraw = True
122.3472 	EXP 	fixation: autoDraw = False
122.3639 	EXP 	grating: autoDraw = True
122.3639 	EXP 	grating: tex = 'sin'
122.6638 	EXP 	grating: autoDraw = False
122.8156 	EXP 	window1: recordFrameIntervals = False
122.8165 	DATA 	Keypress: left
122.8306 	EXP 	fixation: autoDraw = False
122.8306 	EXP 	grating: autoDraw = False
122.8307 	EXP 	window1: recordFrameIntervals = False
123.8041 	EXP 	fixation: autoDraw = True
124.8136 	EXP 	fixation: autoDraw = False
124.8304 	EXP 	grating: autoDraw = True
124.8304 	EXP 	grating: tex = 'sin'
125.1302 	EXP 	grating: autoDraw = False
125.3652 	EXP 	window1: recordFrameIntervals = False
125.3660 	DATA 	Keypress: right
125.3802 	EXP 	fixation: autoDraw = False
125.3802 	EXP 	grating: autoDraw = False
125.3804 	EXP 	window1: recordFrameIntervals = False
126.3538 	EXP 	fixation: autoDraw = True
127.3633 	EXP 	fixation: autoDraw = False
127.3800 	EXP 	grating: autoDraw = True
127.3800 	EXP 	grating: tex = 'sin'
127.6798 	EXP 	grating: autoDraw = False
127.9479 	DATA 	Keypress: left
127.9647 	EXP 	window1: recordFrameIntervals = False
127.9798 	EXP 	fixation: autoDraw = False
127.9798 	EXP 	grating: autoDraw = False
127.9799 	EXP 	window1: recordFrameIntervals = False
128.9538 	EXP 	fixation: autoDraw = True
129.9629 	EXP 	fixation: autoDraw = False
129.9797 	EXP 	grating: autoDraw = True
129.9797 	EXP 	grating: tex = 'sin'
130.2796 	EXP 	grating: autoDraw = False
130.5644 	EXP 	window1: recordFrameIntervals = False
130.5652 	DATA 	Keypress: left
130.5795 	EXP 	fixation: autoDraw = False
130.5795 	EXP 	grating: autoDraw = False
130.5797 	EXP 	window1: recordFrameIntervals = False
131.5532 	EXP 	fixation: autoDraw = True
132.5626 	EXP 	fixation: autoDraw = False
132.5794 	EXP 	grating: autoDraw = True
132.5794 	EXP 	grating: tex = 'sin'
132.8793 	EXP 	grating: autoDraw = False
133.0640 	EXP 	window1: recordFrameIntervals = False
133.0647 	DATA 	Keypress: left
133.0794 	EXP 	fixation: autoDraw = False
133.0794 	EXP 	grating: autoDraw = False
133.0795 	EXP 	window1: recordFrameIntervals = False
134.0523 	EXP 	fixation: autoDraw = True
135.0623 	EXP 	fixation: autoDraw = False
135.0789 	EXP 	grating: autoDraw = True
135.0789 	EXP 	grating: tex = 'sin'
135.3789 	EXP 	grating: autoDraw = False
135.6805 	EXP 	window1: recordFrameIntervals = False
135.6813 	DATA 	Keypress: right
135.6955 	EXP 	fixation: autoDraw = False
135.6955 	EXP 	grating: autoDraw = False
135.6956 	EXP 	window1: recordFrameIntervals = False
136.6694 	EXP 	fixation: autoDraw = True
137.6786 	EXP 	fixation: autoDraw = False
137.6954 	EXP 	grating: autoDraw = True
137.6954 	EXP 	grating: tex = 'sin'
137.9953 	EXP 	grating: autoDraw = False
138.1635 	EXP 	window1: recordFrameIntervals = False
138.1643 	DATA 	Keypress: right
138.1785 	EXP 	fixation: autoDraw = False
138.1785 	EXP 	grating: autoDraw = False
138.1787 	EXP 	window1: recordFrameIntervals = False
139.1523 	EXP 	fixation: autoDraw = True
140.1616 	EXP 	fixation: autoDraw = False
140.1782 	EXP 	grating: autoDraw = True
140.1782 	EXP 	grating: tex = 'sin'
140.4782 	EXP 	grating: autoDraw = False
140.5631 	EXP 	window1: recordFrameIntervals = False
140.5637 	DATA 	Keypress: left
140.5782 	EXP 	fixation: autoDraw = False
140.5782 	EXP 	grating: autoDraw = False
140.5784 	EXP 	window1: recordFrameIntervals = False
141.5507 	EXP 	fixation: autoDraw = True
142.5614 	EXP 	fixation: autoDraw = False
142.5781 	EXP 	grating: autoDraw = True
142.5781 	EXP 	grating: tex = 'sin'
142.8779 	EXP 	grating: autoDraw = False
143.1297 	EXP 	window1: recordFrameIntervals = False
143.1307 	DATA 	Keypress: right
143.1444 	EXP 	fixation: autoDraw = False
143.1444 	EXP 	grating: autoDraw = False
143.1446 	EXP 	window1: recordFrameIntervals = False
144.1178 	EXP 	fixation: autoDraw = True
145.1275 	EXP 	fixation: autoDraw = False
145.1444 	EXP 	grating: autoDraw = True
145.1444 	EXP 	grating: tex = 'sin'
145.4443 	EXP 	grating: autoDraw = False
145.6795 	EXP 	window1: recordFrameIntervals = False
145.6804 	DATA 	Keypress: right
145.6942 	EXP 	fixation: autoDraw = False
145.6942 	EXP 	grating: autoDraw = False
145.6944 	EXP 	window1: recordFrameIntervals = False
146.6685 	EXP 	fixation: autoDraw = True
147.6773 	EXP 	fixation: autoDraw = False
147.6940 	EXP 	grating: autoDraw = True
147.6940 	EXP 	grating: tex = 'sin'
147.9938 	EXP 	grating: autoDraw = False
148.1628 	EXP 	window1: recordFrameIntervals = False
148.1637 	DATA 	Keypress: left
148.1773 	EXP 	fixation: autoDraw = False
148.1773 	EXP 	grating: autoDraw = False
148.1774 	EXP 	window1: recordFrameIntervals = False
149.1513 	EXP 	fixation: autoDraw = True
150.1605 	EXP 	fixation: autoDraw = False
150.1769 	EXP 	grating: autoDraw = True
150.1769 	EXP 	grating: tex = 'sin'
150.4768 	EXP 	grating: autoDraw = False
150.7119 	EXP 	window1: recordFrameIntervals = False
150.7127 	DATA 	Keypress: left
150.7269 	EXP 	fixation: autoDraw = False
150.7269 	EXP 	grating: autoDraw = False
150.7271 	EXP 	window1: recordFrameIntervals = False
151.7007 	EXP 	fixation: autoDraw = True
152.7100 	EXP 	fixation: autoDraw = False
152.7268 	EXP 	grating: autoDraw = True
152.7268 	EXP 	grating: tex = 'sin'
153.0266 	EXP 	grating: autoDraw = False
153.1948 	EXP 	window1: recordFrameIntervals = False
153.1956 	DATA 	Keypress: left
153.2100 	EXP 	fixation: autoDraw = False
153.2100 	EXP 	grating: autoDraw = False
153.2101 	EXP 	window1: recordFrameIntervals = False
154.1839 	EXP 	fixation: autoDraw = True
155.1930 	EXP 	fixation: autoDraw = False
155.2098 	EXP 	grating: autoDraw = True
155.2098 	EXP 	grating: tex = 'sin'
155.5096 	EXP 	grating: autoDraw = False
155.6446 	EXP 	window1: recordFrameIntervals = False
155.6454 	DATA 	Keypress: right
155.6596 	EXP 	fixation: autoDraw = False
155.6596 	EXP 	grating: autoDraw = False
155.6598 	EXP 	window1: recordFrameIntervals = False
156.6336 	EXP 	fixation: autoDraw = True
157.6429 	EXP 	fixation: autoDraw = False
157.6595 	EXP 	grating: autoDraw = True
157.6595 	EXP 	grating: tex = 'sin'
157.9594 	EXP 	grating: autoDraw = False
158.1447 	EXP 	window1: recordFrameIntervals = False
158.1456 	DATA 	Keypress: right
158.1595 	EXP 	fixation: autoDraw = False
158.1595 	EXP 	grating: autoDraw = False
158.1596 	EXP 	window1: recordFrameIntervals = False
159.1331 	EXP 	fixation: autoDraw = True
160.1425 	EXP 	fixation: autoDraw = False
160.1590 	EXP 	grating: autoDraw = True
160.1590 	EXP 	grating: tex = 'sin'
160.4588 	EXP 	grating: autoDraw = False
160.6774 	EXP 	window1: recordFrameIntervals = False
160.6785 	DATA 	Keypress: left
160.6924 	EXP 	fixation: autoDraw = False
160.6924 	EXP 	grating: autoDraw = False
160.6926 	EXP 	window1: recordFrameIntervals = False
161.6660 	EXP 	fixation: autoDraw = True
162.6755 	EXP 	fixation: autoDraw = False
162.6921 	EXP 	grating: autoDraw = True
162.6921 	EXP 	grating: tex = 'sin'
162.9919 	EXP 	grating: autoDraw = False
163.1436 	EXP 	window1: recordFrameIntervals = False
163.1445 	DATA 	Keypress: left
163.1586 	EXP 	fixation: autoDraw = False
163.1586 	EXP 	grating: autoDraw = False
163.1588 	EXP 	window1: recordFrameIntervals = False
164.1325 	EXP 	fixation: autoDraw = True
165.1417 	EXP 	fixation: autoDraw = False
165.1586 	EXP 	grating: autoDraw = True
165.1586 	EXP 	grating: tex = 'sin'
165.4583 	EXP 	grating: autoDraw = False
165.6268 	DATA 	Keypress: left
165.6437 	EXP 	window1: recordFrameIntervals = False
165.6585 	EXP 	fixation: autoDraw = False
165.6585 	EXP 	grating: autoDraw = False
165.6586 	EXP 	window1: recordFrameIntervals = False
166.6320 	EXP 	fixation: autoDraw = True
167.6414 	EXP 	fixation: autoDraw = False
167.6579 	EXP 	grating: autoDraw = True
167.6579 	EXP 	grating: tex = 'sin'
167.9578 	EXP 	grating: autoDraw = False
179.9417 	DATA 	Keypress: escape
180.7797 	EXP 	window1: mouseVisible = True
