2.8555 	WARNING 	We strongly recommend you activate the PTB sound engine in PsychoPy prefs as the preferred audio engine. Its timing is vastly superior. Your prefs are currently set to use ['sounddevice', 'PTB', 'pyo', 'pygame'] (in that order).
8.5544 	WARNING 	User requested fullscreen with size [1024  768], but screen is actually [1920, 1080]. Using actual size
10.5497 	EXP 	Created window1 = Window(allowGUI=True, allowStencil=False, autoLog=True, backendConf=UNKNOWN, bitsMode=UNKNOWN, blendMode='avg', bpc=(8, 8, 8), color=array([0, 0, 0]), colorSpace='rgb', depthBits=8, fullscr=<method-wrapper '__getattribute__' of attributeSetter object at 0x000001C698E94F70>, gamma=None, gammaErrorPolicy='raise', lms=UNKNOWN, monitor=<psychopy.monitors.calibTools.Monitor object at 0x000001C69C919220>, multiSample=False, name='window1', numSamples=2, pos=(0, 0), screen=0, size=array([1920, 1080]), stencilBits=0, stereo=False, units='height', useFBO=True, useRetina=False, viewOri=0.0, viewPos=None, viewScale=None, waitBlanking=True, winType='pyglet')
10.5497 	EXP 	window1: mouseVisible = True
10.5498 	EXP 	window1: mouseVisible = False
10.5498 	EXP 	window1: Attempting to measure frame rate of screen (0) ...
10.5498 	EXP 	window1: recordFrameIntervals = False
10.7163 	EXP 	window1: recordFrameIntervals = True
10.9002 	EXP 	Screen (0) actual frame rate measured at 60.00Hz
10.9003 	EXP 	window1: recordFrameIntervals = False
14.5798 	EXP 	Created text = TextStim(__class__=<class 'psychopy.visual.text.TextStim'>, alignHoriz=method-wrapper(...), alignText='center', alignVert=method-wrapper(...), anchorHoriz='center', anchorVert='center', antialias=True, autoDraw=False, autoLog=True, bold=False, color=array([1., 1., 1.]), colorSpace='rgb', contrast=1.0, depth=0.0, flipHoriz=False, flipVert=False, font='Open Sans', fontFiles=[], height=0.05, italic=False, languageStyle='LTR', name='text', opacity=1.0, ori=0.0, pos=array([0., 0.]), rgb=UNKNOWN, text='', units='height', win=Window(...), wrapWidth=1)
14.5894 	EXP 	window1: mouseVisible = True
14.7134 	EXP 	Created slider = Slider(__class__=<class 'psychopy.visual.slider.Slider'>, autoDraw=False, autoLog=True, borderColor=None, color=None, colorSpace='rgb', depth=-1, fillColor=None, flip=False, font='Open Sans', granularity=0.0, labelColor=None, labelHeight=0.05, labelWrapWidth=None, labels=['Familiar', 'Unfamiliar'], lineColor=None, markerColor=None, name='slider', opacity=None, ori=0.0, pos=array([ 0. , -0.3]), readOnly=False, self=UNKNOWN, size=array([1. , 0.1]), startValue=None, style='rating', styleTweaks=[], ticks=array([1, 2, 3, 4, 5]), units='height', win=Window(...))
14.7144 	EXP 	Created text_2 = TextStim(__class__=<class 'psychopy.visual.text.TextStim'>, alignHoriz=method-wrapper(...), alignText='center', alignVert=method-wrapper(...), anchorHoriz='center', anchorVert='center', antialias=True, autoDraw=False, autoLog=True, bold=False, color=array([1., 1., 1.]), colorSpace='rgb', contrast=1.0, depth=0.0, flipHoriz=False, flipVert=False, font='Open Sans', fontFiles=[], height=0.05, italic=False, languageStyle='LTR', name='text_2', opacity=1.0, ori=0.0, pos=array([0. , 0.3]), rgb=UNKNOWN, text='', units='height', win=Window(...), wrapWidth=1)
15.0006 	EXP 	Created text_3 = TextStim(__class__=<class 'psychopy.visual.text.TextStim'>, alignHoriz=method-wrapper(...), alignText='center', alignVert=method-wrapper(...), anchorHoriz='center', anchorVert='center', antialias=True, autoDraw=False, autoLog=True, bold=False, color=array([1., 1., 1.]), colorSpace='rgb', contrast=1.0, depth=-2.0, flipHoriz=False, flipVert=False, font='Open Sans', fontFiles=[], height=0.05, italic=False, languageStyle='LTR', name='text_3', opacity=1.0, ori=0.0, pos=array([ 0. , -0.3]), rgb=UNKNOWN, text='Click to Submit', units='height', win=Window(...), wrapWidth=1)
15.0007 	EXP 	window1: mouseVisible = True
15.0085 	EXP 	Imported study_word.xlsx as conditions, 20 conditions, 1 params
15.0104 	EXP 	Created sequence: random, trialTypes=20, nReps=1, seed=None
15.0106 	EXP 	New trial (rep=0, index=0): {'study_word': 'glass'}
15.0755 	EXP 	slider: autoLog = True
15.0755 	EXP 	slider: markerPos = None
15.0755 	EXP 	slider: styleTweaks = []
15.0755 	EXP 	slider: styleTweaks = []
15.0755 	EXP 	slider: styleTweaks = []
15.0755 	EXP 	slider: styleTweaks = []
15.0755 	EXP 	slider: contrast = 1.0
15.0755 	EXP 	slider: autoLog = True
15.0755 	EXP 	textbox: autoLog = True
15.0755 	EXP 	text: height = 0.05
15.0755 	EXP 	text: height = 0.05
15.0755 	EXP 	text: height = 0.05
15.0755 	EXP 	text: text = 'glass'
15.0755 	EXP 	slider: markerPos = None
15.0755 	EXP 	slider: markerPos = None
15.0755 	EXP 	text: autoDraw = True
15.0755 	EXP 	slider: autoDraw = True
16.8834 	DATA 	Mouse: Left button down, pos=(418,106)
17.0999 	DATA 	Mouse:  Left button up, pos=(418,106)
17.9665 	DATA 	Mouse: Left button down, pos=(418,106)
18.1694 	DATA 	Mouse:  Left button up, pos=(418,106)
19.0832 	DATA 	Mouse: Left button down, pos=(424,218)
19.1000 	EXP 	slider: markerPos = 1.0148148148148148
19.1150 	EXP 	slider: markerPos = 1.0148148148148148
19.1317 	EXP 	slider: markerPos = 1.0148148148148148
19.1484 	EXP 	slider: markerPos = 1.0148148148148148
19.1651 	EXP 	slider: markerPos = 1.0148148148148148
19.1817 	EXP 	slider: markerPos = 1.0148148148148148
19.1984 	EXP 	slider: markerPos = 1.0148148148148148
19.2150 	EXP 	slider: markerPos = 1.0148148148148148
19.2317 	EXP 	slider: markerPos = 1.0148148148148148
19.2484 	EXP 	slider: markerPos = 1.0148148148148148
19.2651 	EXP 	slider: markerPos = 1.0148148148148148
19.2818 	EXP 	slider: markerPos = 1.0148148148148148
19.2985 	EXP 	slider: markerPos = 1.0148148148148148
19.3042 	DATA 	Mouse:  Left button up, pos=(424,218)
19.3151 	EXP 	slider: markerPos = 1.0148148148148148
19.3318 	EXP 	slider: markerPos = 1.0148148148148148
19.3452 	EXP 	New trial (rep=0, index=1): {'study_word': 'girl'}
19.3574 	EXP 	text: autoDraw = False
19.3574 	EXP 	slider: autoDraw = False
19.3574 	EXP 	text: height = 0.05
19.3574 	EXP 	text: height = 0.05
19.3574 	EXP 	text: height = 0.05
19.3574 	EXP 	text: text = 'girl'
19.3574 	EXP 	slider: markerPos = None
19.3574 	EXP 	slider: markerPos = None
19.3574 	EXP 	text: autoDraw = True
19.3574 	EXP 	slider: autoDraw = True
20.3501 	DATA 	Mouse: Left button down, pos=(424,218)
20.3649 	EXP 	slider: markerPos = 1.0148148148148148
20.3816 	EXP 	slider: markerPos = 1.0148148148148148
20.3982 	EXP 	slider: markerPos = 1.0148148148148148
20.4150 	EXP 	slider: markerPos = 1.0148148148148148
20.4316 	EXP 	slider: markerPos = 1.0148148148148148
20.4482 	EXP 	slider: markerPos = 1.0148148148148148
20.4650 	EXP 	slider: markerPos = 1.0148148148148148
20.4816 	EXP 	slider: markerPos = 1.0148148148148148
20.4982 	EXP 	slider: markerPos = 1.0148148148148148
20.5149 	EXP 	slider: markerPos = 1.0148148148148148
20.5316 	EXP 	slider: markerPos = 1.0148148148148148
20.5483 	EXP 	slider: markerPos = 1.0148148148148148
20.5540 	DATA 	Mouse:  Left button up, pos=(424,218)
20.5649 	EXP 	slider: markerPos = 1.0148148148148148
20.5816 	EXP 	slider: markerPos = 1.0148148148148148
20.5839 	EXP 	New trial (rep=0, index=2): {'study_word': 'door'}
20.5981 	EXP 	text: autoDraw = False
20.5981 	EXP 	slider: autoDraw = False
20.5981 	EXP 	text: height = 0.05
20.5981 	EXP 	text: height = 0.05
20.5981 	EXP 	text: height = 0.05
20.5981 	EXP 	text: text = 'door'
20.5981 	EXP 	slider: markerPos = None
20.5981 	EXP 	slider: markerPos = None
20.5981 	EXP 	text: autoDraw = True
20.5981 	EXP 	slider: autoDraw = True
21.4515 	DATA 	Mouse: Left button down, pos=(424,218)
21.4815 	EXP 	slider: markerPos = 1.0148148148148148
21.4982 	EXP 	slider: markerPos = 1.0148148148148148
21.5148 	EXP 	slider: markerPos = 1.0148148148148148
21.5315 	EXP 	slider: markerPos = 1.0148148148148148
21.5481 	EXP 	slider: markerPos = 1.0148148148148148
21.5648 	EXP 	slider: markerPos = 1.0148148148148148
21.5815 	EXP 	slider: markerPos = 1.0148148148148148
21.5981 	EXP 	slider: markerPos = 1.0148148148148148
21.6148 	EXP 	slider: markerPos = 1.0148148148148148
21.6315 	EXP 	slider: markerPos = 1.0148148148148148
21.6482 	EXP 	slider: markerPos = 1.0148148148148148
21.6648 	EXP 	slider: markerPos = 1.0148148148148148
21.6661 	DATA 	Mouse:  Left button up, pos=(424,218)
21.6814 	EXP 	slider: markerPos = 1.0148148148148148
21.6837 	EXP 	New trial (rep=0, index=3): {'study_word': 'teddy'}
21.6980 	EXP 	text: autoDraw = False
21.6980 	EXP 	slider: autoDraw = False
21.6980 	EXP 	text: height = 0.05
21.6980 	EXP 	text: height = 0.05
21.6980 	EXP 	text: height = 0.05
21.6980 	EXP 	text: text = 'teddy'
21.6980 	EXP 	slider: markerPos = None
21.6980 	EXP 	slider: markerPos = None
21.6980 	EXP 	text: autoDraw = True
21.6980 	EXP 	slider: autoDraw = True
22.6326 	DATA 	Mouse: Left button down, pos=(424,218)
22.6480 	EXP 	slider: markerPos = 1.0148148148148148
22.6647 	EXP 	slider: markerPos = 1.0148148148148148
22.6814 	EXP 	slider: markerPos = 1.0148148148148148
22.6979 	EXP 	slider: markerPos = 1.0148148148148148
22.7146 	EXP 	slider: markerPos = 1.0148148148148148
22.7313 	EXP 	slider: markerPos = 1.0148148148148148
22.7480 	EXP 	slider: markerPos = 1.0148148148148148
22.7646 	EXP 	slider: markerPos = 1.0148148148148148
22.7812 	EXP 	slider: markerPos = 1.0148148148148148
22.7978 	EXP 	slider: markerPos = 1.0148148148148148
22.8146 	EXP 	slider: markerPos = 1.0148148148148148
22.8313 	EXP 	slider: markerPos = 1.0148148148148148
22.8480 	EXP 	slider: markerPos = 1.0148148148148148
22.8492 	DATA 	Mouse:  Left button up, pos=(424,218)
22.8647 	EXP 	slider: markerPos = 1.0148148148148148
22.8669 	EXP 	New trial (rep=0, index=4): {'study_word': 'fan'}
22.8812 	EXP 	text: autoDraw = False
22.8812 	EXP 	slider: autoDraw = False
22.8812 	EXP 	text: height = 0.05
22.8812 	EXP 	text: height = 0.05
22.8812 	EXP 	text: height = 0.05
22.8812 	EXP 	text: text = 'fan'
22.8812 	EXP 	slider: markerPos = None
22.8812 	EXP 	slider: markerPos = None
22.8812 	EXP 	text: autoDraw = True
22.8812 	EXP 	slider: autoDraw = True
23.7828 	DATA 	Mouse: Left button down, pos=(424,218)
23.7978 	EXP 	slider: markerPos = 1.0148148148148148
23.8143 	EXP 	slider: markerPos = 1.0148148148148148
23.8312 	EXP 	slider: markerPos = 1.0148148148148148
23.8478 	EXP 	slider: markerPos = 1.0148148148148148
23.8644 	EXP 	slider: markerPos = 1.0148148148148148
23.8812 	EXP 	slider: markerPos = 1.0148148148148148
23.8978 	EXP 	slider: markerPos = 1.0148148148148148
23.9144 	EXP 	slider: markerPos = 1.0148148148148148
23.9312 	EXP 	slider: markerPos = 1.0148148148148148
23.9478 	EXP 	slider: markerPos = 1.0148148148148148
23.9644 	EXP 	slider: markerPos = 1.0148148148148148
23.9811 	EXP 	slider: markerPos = 1.0148148148148148
23.9977 	EXP 	slider: markerPos = 1.0148148148148148
23.9990 	DATA 	Mouse:  Left button up, pos=(424,218)
24.0144 	EXP 	slider: markerPos = 1.0148148148148148
24.0166 	EXP 	New trial (rep=0, index=5): {'study_word': 'cushion'}
24.0310 	EXP 	text: autoDraw = False
24.0310 	EXP 	slider: autoDraw = False
24.0310 	EXP 	text: height = 0.05
24.0310 	EXP 	text: height = 0.05
24.0310 	EXP 	text: height = 0.05
24.0310 	EXP 	text: text = 'cushion'
24.0310 	EXP 	slider: markerPos = None
24.0310 	EXP 	slider: markerPos = None
24.0310 	EXP 	text: autoDraw = True
24.0310 	EXP 	slider: autoDraw = True
24.9493 	DATA 	Mouse: Left button down, pos=(424,218)
24.9644 	EXP 	slider: markerPos = 1.0148148148148148
24.9810 	EXP 	slider: markerPos = 1.0148148148148148
24.9975 	EXP 	slider: markerPos = 1.0148148148148148
25.0143 	EXP 	slider: markerPos = 1.0148148148148148
25.0309 	EXP 	slider: markerPos = 1.0148148148148148
25.0475 	EXP 	slider: markerPos = 1.0148148148148148
25.0644 	EXP 	slider: markerPos = 1.0148148148148148
25.0809 	EXP 	slider: markerPos = 1.0148148148148148
25.0975 	EXP 	slider: markerPos = 1.0148148148148148
25.1145 	EXP 	slider: markerPos = 1.0148148148148148
25.1310 	EXP 	slider: markerPos = 1.0148148148148148
25.1477 	EXP 	slider: markerPos = 1.0148148148148148
25.1644 	EXP 	slider: markerPos = 1.0148148148148148
25.1808 	EXP 	slider: markerPos = 1.0148148148148148
25.1821 	DATA 	Mouse:  Left button up, pos=(424,218)
25.1976 	EXP 	slider: markerPos = 1.0148148148148148
25.1999 	EXP 	New trial (rep=0, index=6): {'study_word': 'book'}
25.2142 	EXP 	text: autoDraw = False
25.2142 	EXP 	slider: autoDraw = False
25.2142 	EXP 	text: height = 0.05
25.2142 	EXP 	text: height = 0.05
25.2142 	EXP 	text: height = 0.05
25.2142 	EXP 	text: text = 'book'
25.2142 	EXP 	slider: markerPos = None
25.2142 	EXP 	slider: markerPos = None
25.2142 	EXP 	text: autoDraw = True
25.2142 	EXP 	slider: autoDraw = True
26.1820 	DATA 	Mouse: Left button down, pos=(424,218)
26.1975 	EXP 	slider: markerPos = 1.0148148148148148
26.2141 	EXP 	slider: markerPos = 1.0148148148148148
26.2308 	EXP 	slider: markerPos = 1.0148148148148148
26.2475 	EXP 	slider: markerPos = 1.0148148148148148
26.2642 	EXP 	slider: markerPos = 1.0148148148148148
26.2808 	EXP 	slider: markerPos = 1.0148148148148148
26.2974 	EXP 	slider: markerPos = 1.0148148148148148
26.3141 	EXP 	slider: markerPos = 1.0148148148148148
26.3308 	EXP 	slider: markerPos = 1.0148148148148148
26.3475 	EXP 	slider: markerPos = 1.0148148148148148
26.3642 	EXP 	slider: markerPos = 1.0148148148148148
26.3809 	EXP 	slider: markerPos = 1.0148148148148148
26.3974 	EXP 	slider: markerPos = 1.0148148148148148
26.3987 	DATA 	Mouse:  Left button up, pos=(424,218)
26.4141 	EXP 	slider: markerPos = 1.0148148148148148
26.4164 	EXP 	New trial (rep=0, index=7): {'study_word': 'window'}
26.4307 	EXP 	text: autoDraw = False
26.4307 	EXP 	slider: autoDraw = False
26.4307 	EXP 	text: height = 0.05
26.4307 	EXP 	text: height = 0.05
26.4307 	EXP 	text: height = 0.05
26.4307 	EXP 	text: text = 'window'
26.4307 	EXP 	slider: markerPos = None
26.4307 	EXP 	slider: markerPos = None
26.4307 	EXP 	text: autoDraw = True
26.4307 	EXP 	slider: autoDraw = True
27.3655 	DATA 	Mouse: Left button down, pos=(424,218)
27.3807 	EXP 	slider: markerPos = 1.0148148148148148
27.3973 	EXP 	slider: markerPos = 1.0148148148148148
27.4139 	EXP 	slider: markerPos = 1.0148148148148148
27.4307 	EXP 	slider: markerPos = 1.0148148148148148
27.4473 	EXP 	slider: markerPos = 1.0148148148148148
27.4639 	EXP 	slider: markerPos = 1.0148148148148148
27.4807 	EXP 	slider: markerPos = 1.0148148148148148
27.4973 	EXP 	slider: markerPos = 1.0148148148148148
27.5139 	EXP 	slider: markerPos = 1.0148148148148148
27.5307 	EXP 	slider: markerPos = 1.0148148148148148
27.5473 	EXP 	slider: markerPos = 1.0148148148148148
27.5639 	EXP 	slider: markerPos = 1.0148148148148148
27.5807 	EXP 	slider: markerPos = 1.0148148148148148
27.5865 	DATA 	Mouse:  Left button up, pos=(424,218)
27.5973 	EXP 	slider: markerPos = 1.0148148148148148
27.6139 	EXP 	slider: markerPos = 1.0148148148148148
27.6161 	EXP 	New trial (rep=0, index=8): {'study_word': 'frame'}
27.6307 	EXP 	text: autoDraw = False
27.6307 	EXP 	slider: autoDraw = False
27.6307 	EXP 	text: height = 0.05
27.6307 	EXP 	text: height = 0.05
27.6307 	EXP 	text: height = 0.05
27.6307 	EXP 	text: text = 'frame'
27.6307 	EXP 	slider: markerPos = None
27.6307 	EXP 	slider: markerPos = None
27.6307 	EXP 	text: autoDraw = True
27.6307 	EXP 	slider: autoDraw = True
28.5819 	DATA 	Mouse: Left button down, pos=(424,218)
28.5972 	EXP 	slider: markerPos = 1.0148148148148148
28.6138 	EXP 	slider: markerPos = 1.0148148148148148
28.6304 	EXP 	slider: markerPos = 1.0148148148148148
28.6472 	EXP 	slider: markerPos = 1.0148148148148148
28.6638 	EXP 	slider: markerPos = 1.0148148148148148
28.6804 	EXP 	slider: markerPos = 1.0148148148148148
28.6972 	EXP 	slider: markerPos = 1.0148148148148148
28.7138 	EXP 	slider: markerPos = 1.0148148148148148
28.7305 	EXP 	slider: markerPos = 1.0148148148148148
28.7472 	EXP 	slider: markerPos = 1.0148148148148148
28.7638 	EXP 	slider: markerPos = 1.0148148148148148
28.7805 	EXP 	slider: markerPos = 1.0148148148148148
28.7972 	EXP 	slider: markerPos = 1.0148148148148148
28.7984 	DATA 	Mouse:  Left button up, pos=(424,218)
28.8138 	EXP 	slider: markerPos = 1.0148148148148148
28.8161 	EXP 	New trial (rep=0, index=9): {'study_word': 'bottle'}
28.8305 	EXP 	text: autoDraw = False
28.8305 	EXP 	slider: autoDraw = False
28.8305 	EXP 	text: height = 0.05
28.8305 	EXP 	text: height = 0.05
28.8305 	EXP 	text: height = 0.05
28.8305 	EXP 	text: text = 'bottle'
28.8305 	EXP 	slider: markerPos = None
28.8305 	EXP 	slider: markerPos = None
28.8305 	EXP 	text: autoDraw = True
28.8305 	EXP 	slider: autoDraw = True
29.8483 	DATA 	Mouse: Left button down, pos=(424,218)
29.8637 	EXP 	slider: markerPos = 1.0148148148148148
29.8803 	EXP 	slider: markerPos = 1.0148148148148148
29.8970 	EXP 	slider: markerPos = 1.0148148148148148
29.9137 	EXP 	slider: markerPos = 1.0148148148148148
29.9304 	EXP 	slider: markerPos = 1.0148148148148148
29.9470 	EXP 	slider: markerPos = 1.0148148148148148
29.9637 	EXP 	slider: markerPos = 1.0148148148148148
29.9803 	EXP 	slider: markerPos = 1.0148148148148148
29.9969 	EXP 	slider: markerPos = 1.0148148148148148
30.0137 	EXP 	slider: markerPos = 1.0148148148148148
30.0304 	EXP 	slider: markerPos = 1.0148148148148148
30.0471 	EXP 	slider: markerPos = 1.0148148148148148
30.0638 	EXP 	slider: markerPos = 1.0148148148148148
30.0651 	DATA 	Mouse:  Left button up, pos=(424,218)
30.0803 	EXP 	slider: markerPos = 1.0148148148148148
30.0826 	EXP 	New trial (rep=0, index=10): {'study_word': 'water'}
30.0969 	EXP 	text: autoDraw = False
30.0969 	EXP 	slider: autoDraw = False
30.0969 	EXP 	text: height = 0.05
30.0969 	EXP 	text: height = 0.05
30.0969 	EXP 	text: height = 0.05
30.0969 	EXP 	text: text = 'water'
30.0969 	EXP 	slider: markerPos = None
30.0969 	EXP 	slider: markerPos = None
30.0969 	EXP 	text: autoDraw = True
30.0969 	EXP 	slider: autoDraw = True
31.0510 	DATA 	Mouse: Left button down, pos=(424,218)
31.0568 	EXP 	slider: markerPos = 1.0148148148148148
31.0634 	EXP 	slider: markerPos = 1.0148148148148148
31.0801 	EXP 	slider: markerPos = 1.0148148148148148
31.0969 	EXP 	slider: markerPos = 1.0148148148148148
31.1134 	EXP 	slider: markerPos = 1.0148148148148148
31.1301 	EXP 	slider: markerPos = 1.0148148148148148
31.1468 	EXP 	slider: markerPos = 1.0148148148148148
31.1635 	EXP 	slider: markerPos = 1.0148148148148148
31.1802 	EXP 	slider: markerPos = 1.0148148148148148
31.1968 	EXP 	slider: markerPos = 1.0148148148148148
31.2135 	EXP 	slider: markerPos = 1.0148148148148148
31.2303 	EXP 	slider: markerPos = 1.0148148148148148
31.2469 	EXP 	slider: markerPos = 1.0148148148148148
31.2483 	DATA 	Mouse:  Left button up, pos=(424,218)
31.2636 	EXP 	slider: markerPos = 1.0148148148148148
31.2658 	EXP 	New trial (rep=0, index=11): {'study_word': 'bus'}
31.2802 	EXP 	text: autoDraw = False
31.2802 	EXP 	slider: autoDraw = False
31.2802 	EXP 	text: height = 0.05
31.2802 	EXP 	text: height = 0.05
31.2802 	EXP 	text: height = 0.05
31.2802 	EXP 	text: text = 'bus'
31.2802 	EXP 	slider: markerPos = None
31.2802 	EXP 	slider: markerPos = None
31.2802 	EXP 	text: autoDraw = True
31.2802 	EXP 	slider: autoDraw = True
32.1672 	DATA 	Mouse: Left button down, pos=(424,218)
32.1966 	EXP 	slider: markerPos = 1.0148148148148148
32.2134 	EXP 	slider: markerPos = 1.0148148148148148
32.2301 	EXP 	slider: markerPos = 1.0148148148148148
32.2468 	EXP 	slider: markerPos = 1.0148148148148148
32.2634 	EXP 	slider: markerPos = 1.0148148148148148
32.2800 	EXP 	slider: markerPos = 1.0148148148148148
32.2966 	EXP 	slider: markerPos = 1.0148148148148148
32.3134 	EXP 	slider: markerPos = 1.0148148148148148
32.3301 	EXP 	slider: markerPos = 1.0148148148148148
32.3467 	EXP 	slider: markerPos = 1.0148148148148148
32.3633 	EXP 	slider: markerPos = 1.0148148148148148
32.3801 	EXP 	slider: markerPos = 1.0148148148148148
32.3967 	EXP 	slider: markerPos = 1.0148148148148148
32.3978 	DATA 	Mouse:  Left button up, pos=(424,218)
32.4133 	EXP 	slider: markerPos = 1.0148148148148148
32.4155 	EXP 	New trial (rep=0, index=12): {'study_word': 'shoes'}
32.4301 	EXP 	text: autoDraw = False
32.4301 	EXP 	slider: autoDraw = False
32.4301 	EXP 	text: height = 0.05
32.4301 	EXP 	text: height = 0.05
32.4301 	EXP 	text: height = 0.05
32.4301 	EXP 	text: text = 'shoes'
32.4301 	EXP 	slider: markerPos = None
32.4301 	EXP 	slider: markerPos = None
32.4301 	EXP 	text: autoDraw = True
32.4301 	EXP 	slider: autoDraw = True
33.4146 	DATA 	Mouse: Left button down, pos=(424,218)
33.4299 	EXP 	slider: markerPos = 1.0148148148148148
33.4464 	EXP 	slider: markerPos = 1.0148148148148148
33.4633 	EXP 	slider: markerPos = 1.0148148148148148
33.4799 	EXP 	slider: markerPos = 1.0148148148148148
33.4964 	EXP 	slider: markerPos = 1.0148148148148148
33.5133 	EXP 	slider: markerPos = 1.0148148148148148
33.5298 	EXP 	slider: markerPos = 1.0148148148148148
33.5464 	EXP 	slider: markerPos = 1.0148148148148148
33.5633 	EXP 	slider: markerPos = 1.0148148148148148
33.5799 	EXP 	slider: markerPos = 1.0148148148148148
33.5966 	EXP 	slider: markerPos = 1.0148148148148148
33.6132 	EXP 	slider: markerPos = 1.0148148148148148
33.6298 	EXP 	slider: markerPos = 1.0148148148148148
33.6466 	EXP 	slider: markerPos = 1.0148148148148148
33.6478 	DATA 	Mouse:  Left button up, pos=(424,218)
33.6632 	EXP 	slider: markerPos = 1.0148148148148148
33.6654 	EXP 	New trial (rep=0, index=13): {'study_word': 'blanket'}
33.6798 	EXP 	text: autoDraw = False
33.6798 	EXP 	slider: autoDraw = False
33.6798 	EXP 	text: height = 0.05
33.6798 	EXP 	text: height = 0.05
33.6798 	EXP 	text: height = 0.05
33.6798 	EXP 	text: text = 'blanket'
33.6798 	EXP 	slider: markerPos = None
33.6798 	EXP 	slider: markerPos = None
33.6798 	EXP 	text: autoDraw = True
33.6798 	EXP 	slider: autoDraw = True
34.6478 	DATA 	Mouse: Left button down, pos=(424,218)
34.6631 	EXP 	slider: markerPos = 1.0148148148148148
34.6797 	EXP 	slider: markerPos = 1.0148148148148148
34.6963 	EXP 	slider: markerPos = 1.0148148148148148
34.7132 	EXP 	slider: markerPos = 1.0148148148148148
34.7298 	EXP 	slider: markerPos = 1.0148148148148148
34.7463 	EXP 	slider: markerPos = 1.0148148148148148
34.7631 	EXP 	slider: markerPos = 1.0148148148148148
34.7797 	EXP 	slider: markerPos = 1.0148148148148148
34.7962 	EXP 	slider: markerPos = 1.0148148148148148
34.8130 	EXP 	slider: markerPos = 1.0148148148148148
34.8298 	EXP 	slider: markerPos = 1.0148148148148148
34.8464 	EXP 	slider: markerPos = 1.0148148148148148
34.8630 	EXP 	slider: markerPos = 1.0148148148148148
34.8796 	EXP 	slider: markerPos = 1.0148148148148148
34.8808 	DATA 	Mouse:  Left button up, pos=(424,218)
34.8964 	EXP 	slider: markerPos = 1.0148148148148148
34.8986 	EXP 	New trial (rep=0, index=14): {'study_word': 'ring'}
34.9131 	EXP 	text: autoDraw = False
34.9131 	EXP 	slider: autoDraw = False
34.9131 	EXP 	text: height = 0.05
34.9131 	EXP 	text: height = 0.05
34.9131 	EXP 	text: height = 0.05
34.9131 	EXP 	text: text = 'ring'
34.9131 	EXP 	slider: markerPos = None
34.9131 	EXP 	slider: markerPos = None
34.9131 	EXP 	text: autoDraw = True
34.9131 	EXP 	slider: autoDraw = True
35.6808 	DATA 	Mouse: Left button down, pos=(424,218)
35.6962 	EXP 	slider: markerPos = 1.0148148148148148
35.7129 	EXP 	slider: markerPos = 1.0148148148148148
35.7297 	EXP 	slider: markerPos = 1.0148148148148148
35.7464 	EXP 	slider: markerPos = 1.0148148148148148
35.7629 	EXP 	slider: markerPos = 1.0148148148148148
35.7797 	EXP 	slider: markerPos = 1.0148148148148148
35.7963 	EXP 	slider: markerPos = 1.0148148148148148
35.8130 	EXP 	slider: markerPos = 1.0148148148148148
35.8297 	EXP 	slider: markerPos = 1.0148148148148148
35.8463 	EXP 	slider: markerPos = 1.0148148148148148
35.8629 	EXP 	slider: markerPos = 1.0148148148148148
35.8795 	EXP 	slider: markerPos = 1.0148148148148148
35.8855 	DATA 	Mouse:  Left button up, pos=(424,218)
35.8961 	EXP 	slider: markerPos = 1.0148148148148148
35.9130 	EXP 	slider: markerPos = 1.0148148148148148
35.9152 	EXP 	New trial (rep=0, index=15): {'study_word': 'car'}
35.9296 	EXP 	text: autoDraw = False
35.9296 	EXP 	slider: autoDraw = False
35.9296 	EXP 	text: height = 0.05
35.9296 	EXP 	text: height = 0.05
35.9296 	EXP 	text: height = 0.05
35.9296 	EXP 	text: text = 'car'
35.9296 	EXP 	slider: markerPos = None
35.9296 	EXP 	slider: markerPos = None
35.9296 	EXP 	text: autoDraw = True
35.9296 	EXP 	slider: autoDraw = True
36.6472 	DATA 	Mouse: Left button down, pos=(424,218)
36.6628 	EXP 	slider: markerPos = 1.0148148148148148
36.6795 	EXP 	slider: markerPos = 1.0148148148148148
36.6962 	EXP 	slider: markerPos = 1.0148148148148148
36.7128 	EXP 	slider: markerPos = 1.0148148148148148
36.7295 	EXP 	slider: markerPos = 1.0148148148148148
36.7461 	EXP 	slider: markerPos = 1.0148148148148148
36.7629 	EXP 	slider: markerPos = 1.0148148148148148
36.7794 	EXP 	slider: markerPos = 1.0148148148148148
36.7960 	EXP 	slider: markerPos = 1.0148148148148148
36.8128 	EXP 	slider: markerPos = 1.0148148148148148
36.8295 	EXP 	slider: markerPos = 1.0148148148148148
36.8461 	EXP 	slider: markerPos = 1.0148148148148148
36.8628 	EXP 	slider: markerPos = 1.0148148148148148
36.8640 	DATA 	Mouse:  Left button up, pos=(424,218)
36.8795 	EXP 	slider: markerPos = 1.0148148148148148
36.8817 	EXP 	New trial (rep=0, index=16): {'study_word': 'vase'}
36.8961 	EXP 	text: autoDraw = False
36.8961 	EXP 	slider: autoDraw = False
36.8961 	EXP 	text: height = 0.05
36.8961 	EXP 	text: height = 0.05
36.8961 	EXP 	text: height = 0.05
36.8961 	EXP 	text: text = 'vase'
36.8961 	EXP 	slider: markerPos = None
36.8961 	EXP 	slider: markerPos = None
36.8961 	EXP 	text: autoDraw = True
36.8961 	EXP 	slider: autoDraw = True
37.7472 	DATA 	Mouse: Left button down, pos=(424,218)
37.7627 	EXP 	slider: markerPos = 1.0148148148148148
37.7794 	EXP 	slider: markerPos = 1.0148148148148148
37.7961 	EXP 	slider: markerPos = 1.0148148148148148
37.8127 	EXP 	slider: markerPos = 1.0148148148148148
37.8293 	EXP 	slider: markerPos = 1.0148148148148148
37.8459 	EXP 	slider: markerPos = 1.0148148148148148
37.8627 	EXP 	slider: markerPos = 1.0148148148148148
37.8794 	EXP 	slider: markerPos = 1.0148148148148148
37.8960 	EXP 	slider: markerPos = 1.0148148148148148
37.9126 	EXP 	slider: markerPos = 1.0148148148148148
37.9294 	EXP 	slider: markerPos = 1.0148148148148148
37.9460 	EXP 	slider: markerPos = 1.0148148148148148
37.9626 	EXP 	slider: markerPos = 1.0148148148148148
37.9681 	DATA 	Mouse:  Left button up, pos=(424,218)
37.9793 	EXP 	slider: markerPos = 1.0148148148148148
37.9961 	EXP 	slider: markerPos = 1.0148148148148148
37.9983 	EXP 	New trial (rep=0, index=17): {'study_word': 'bag'}
38.0126 	EXP 	text: autoDraw = False
38.0126 	EXP 	slider: autoDraw = False
38.0126 	EXP 	text: height = 0.05
38.0126 	EXP 	text: height = 0.05
38.0126 	EXP 	text: height = 0.05
38.0126 	EXP 	text: text = 'bag'
38.0126 	EXP 	slider: markerPos = None
38.0126 	EXP 	slider: markerPos = None
38.0126 	EXP 	text: autoDraw = True
38.0126 	EXP 	slider: autoDraw = True
38.7805 	DATA 	Mouse: Left button down, pos=(424,218)
38.7958 	EXP 	slider: markerPos = 1.0148148148148148
38.8126 	EXP 	slider: markerPos = 1.0148148148148148
38.8292 	EXP 	slider: markerPos = 1.0148148148148148
38.8458 	EXP 	slider: markerPos = 1.0148148148148148
38.8625 	EXP 	slider: markerPos = 1.0148148148148148
38.8793 	EXP 	slider: markerPos = 1.0148148148148148
38.8959 	EXP 	slider: markerPos = 1.0148148148148148
38.9126 	EXP 	slider: markerPos = 1.0148148148148148
38.9292 	EXP 	slider: markerPos = 1.0148148148148148
38.9457 	EXP 	slider: markerPos = 1.0148148148148148
38.9626 	EXP 	slider: markerPos = 1.0148148148148148
38.9791 	EXP 	slider: markerPos = 1.0148148148148148
38.9958 	EXP 	slider: markerPos = 1.0148148148148148
38.9970 	DATA 	Mouse:  Left button up, pos=(424,218)
39.0125 	EXP 	slider: markerPos = 1.0148148148148148
39.0148 	EXP 	New trial (rep=0, index=18): {'study_word': 'piano'}
39.0292 	EXP 	text: autoDraw = False
39.0292 	EXP 	slider: autoDraw = False
39.0292 	EXP 	text: height = 0.05
39.0292 	EXP 	text: height = 0.05
39.0292 	EXP 	text: height = 0.05
39.0292 	EXP 	text: text = 'piano'
39.0292 	EXP 	slider: markerPos = None
39.0292 	EXP 	slider: markerPos = None
39.0292 	EXP 	text: autoDraw = True
39.0292 	EXP 	slider: autoDraw = True
39.8803 	DATA 	Mouse: Left button down, pos=(424,218)
39.8957 	EXP 	slider: markerPos = 1.0148148148148148
39.9123 	EXP 	slider: markerPos = 1.0148148148148148
39.9291 	EXP 	slider: markerPos = 1.0148148148148148
39.9457 	EXP 	slider: markerPos = 1.0148148148148148
39.9623 	EXP 	slider: markerPos = 1.0148148148148148
39.9791 	EXP 	slider: markerPos = 1.0148148148148148
39.9957 	EXP 	slider: markerPos = 1.0148148148148148
40.0123 	EXP 	slider: markerPos = 1.0148148148148148
40.0291 	EXP 	slider: markerPos = 1.0148148148148148
40.0457 	EXP 	slider: markerPos = 1.0148148148148148
40.0625 	EXP 	slider: markerPos = 1.0148148148148148
40.0791 	EXP 	slider: markerPos = 1.0148148148148148
40.0957 	EXP 	slider: markerPos = 1.0148148148148148
40.1123 	EXP 	slider: markerPos = 1.0148148148148148
40.1136 	DATA 	Mouse:  Left button up, pos=(424,218)
40.1291 	EXP 	slider: markerPos = 1.0148148148148148
40.1313 	EXP 	New trial (rep=0, index=19): {'study_word': 'tiger'}
40.1454 	EXP 	text: autoDraw = False
40.1454 	EXP 	slider: autoDraw = False
40.1454 	EXP 	text: height = 0.05
40.1454 	EXP 	text: height = 0.05
40.1454 	EXP 	text: height = 0.05
40.1454 	EXP 	text: text = 'tiger'
40.1454 	EXP 	slider: markerPos = None
40.1454 	EXP 	slider: markerPos = None
40.1454 	EXP 	text: autoDraw = True
40.1454 	EXP 	slider: autoDraw = True
40.9492 	DATA 	Mouse: Left button down, pos=(424,218)
40.9790 	EXP 	slider: markerPos = 1.0148148148148148
40.9956 	EXP 	slider: markerPos = 1.0148148148148148
41.0122 	EXP 	slider: markerPos = 1.0148148148148148
41.0289 	EXP 	slider: markerPos = 1.0148148148148148
41.0456 	EXP 	slider: markerPos = 1.0148148148148148
41.0621 	EXP 	slider: markerPos = 1.0148148148148148
41.0790 	EXP 	slider: markerPos = 1.0148148148148148
41.0957 	EXP 	slider: markerPos = 1.0148148148148148
41.1123 	EXP 	slider: markerPos = 1.0148148148148148
41.1289 	EXP 	slider: markerPos = 1.0148148148148148
41.1455 	EXP 	slider: markerPos = 1.0148148148148148
41.1622 	EXP 	slider: markerPos = 1.0148148148148148
41.1633 	DATA 	Mouse:  Left button up, pos=(424,218)
41.1789 	EXP 	slider: markerPos = 1.0148148148148148
41.1857 	EXP 	Imported test.xlsx as conditions, 20 conditions, 1 params
41.1861 	EXP 	Created sequence: random, trialTypes=20, nReps=1, seed=None
41.1863 	EXP 	New trial (rep=0, index=0): {'test': '_p_a_d_'}
41.2000 	EXP 	text: autoDraw = False
41.2000 	EXP 	slider: autoDraw = False
41.2000 	EXP 	text_2: height = 0.05
41.2000 	EXP 	text_2: height = 0.05
41.2000 	EXP 	text_2: height = 0.05
41.2000 	EXP 	text_2: text = '_p_a_d_'
41.2000 	EXP 	text_2: autoDraw = True
41.2000 	EXP 	textbox: autoDraw = True
41.2000 	EXP 	text_3: autoDraw = True
51.1954 	EXP 	New trial (rep=0, index=1): {'test': 'c_m_r_'}
51.2108 	EXP 	text_2: autoDraw = False
51.2108 	EXP 	textbox: autoDraw = False
51.2108 	EXP 	text_3: autoDraw = False
51.2108 	EXP 	text_2: height = 0.05
51.2108 	EXP 	text_2: height = 0.05
51.2108 	EXP 	text_2: height = 0.05
51.2108 	EXP 	text_2: text = 'c_m_r_'
51.2108 	EXP 	text_2: autoDraw = True
51.2108 	EXP 	textbox: autoDraw = True
51.2108 	EXP 	text_3: autoDraw = True
52.9450 	DATA 	Keypress: c
53.1813 	DATA 	Keypress: a
54.4108 	DATA 	Keypress: m
55.1812 	DATA 	Keypress: e
55.4441 	DATA 	Keypress: r
55.6107 	DATA 	Keypress: a
57.6273 	DATA 	Mouse: Left button down, pos=(888,215)
57.6285 	EXP 	New trial (rep=0, index=2): {'test': '_e_dy'}
57.6435 	EXP 	text_2: autoDraw = False
57.6435 	EXP 	textbox: autoDraw = False
57.6435 	EXP 	text_3: autoDraw = False
57.6435 	EXP 	text_2: height = 0.05
57.6435 	EXP 	text_2: height = 0.05
57.6435 	EXP 	text_2: height = 0.05
57.6435 	EXP 	text_2: text = '_e_dy'
57.6435 	EXP 	text_2: autoDraw = True
57.6435 	EXP 	textbox: autoDraw = True
57.6435 	EXP 	text_3: autoDraw = True
57.8606 	DATA 	Mouse:  Left button up, pos=(888,215)
59.0434 	DATA 	Keypress: t
59.2936 	DATA 	Keypress: e
59.8770 	DATA 	Keypress: d
60.0933 	DATA 	Keypress: d
60.6789 	DATA 	Keypress: y
62.4766 	DATA 	Mouse: Left button down, pos=(946,221)
62.4778 	EXP 	New trial (rep=0, index=3): {'test': 's_o__'}
62.4928 	EXP 	text_2: autoDraw = False
62.4928 	EXP 	textbox: autoDraw = False
62.4928 	EXP 	text_3: autoDraw = False
62.4928 	EXP 	text_2: height = 0.05
62.4928 	EXP 	text_2: height = 0.05
62.4928 	EXP 	text_2: height = 0.05
62.4928 	EXP 	text_2: text = 's_o__'
62.4928 	EXP 	text_2: autoDraw = True
62.4928 	EXP 	textbox: autoDraw = True
62.4928 	EXP 	text_3: autoDraw = True
62.6962 	DATA 	Mouse:  Left button up, pos=(946,221)
66.0592 	DATA 	Keypress: s
67.2925 	DATA 	Keypress: a
67.7257 	DATA 	Keypress: o
71.1791 	DATA 	Keypress: backspace
71.5087 	DATA 	Keypress: backspace
71.8088 	DATA 	Keypress: backspace
72.4920 	EXP 	New trial (rep=0, index=4): {'test': '_l_p_a_t'}
72.5082 	EXP 	text_2: autoDraw = False
72.5082 	EXP 	textbox: autoDraw = False
72.5082 	EXP 	text_3: autoDraw = False
72.5082 	EXP 	text_2: height = 0.05
72.5082 	EXP 	text_2: height = 0.05
72.5082 	EXP 	text_2: height = 0.05
72.5082 	EXP 	text_2: text = '_l_p_a_t'
72.5082 	EXP 	text_2: autoDraw = True
72.5082 	EXP 	textbox: autoDraw = True
72.5082 	EXP 	text_3: autoDraw = True
75.8581 	DATA 	Keypress: e
76.1248 	DATA 	Keypress: l
76.4747 	DATA 	Keypress: e
77.1246 	DATA 	Keypress: p
77.5912 	DATA 	Keypress: h
77.8413 	DATA 	Keypress: a
77.9613 	DATA 	Keypress: n
78.3245 	DATA 	Keypress: t
79.8576 	DATA 	Mouse: Left button down, pos=(1019,199)
79.8588 	EXP 	New trial (rep=0, index=5): {'test': '_a_e'}
79.8739 	EXP 	text_2: autoDraw = False
79.8739 	EXP 	textbox: autoDraw = False
79.8739 	EXP 	text_3: autoDraw = False
79.8739 	EXP 	text_2: height = 0.05
79.8739 	EXP 	text_2: height = 0.05
79.8739 	EXP 	text_2: height = 0.05
79.8739 	EXP 	text_2: text = '_a_e'
79.8739 	EXP 	text_2: autoDraw = True
79.8739 	EXP 	textbox: autoDraw = True
79.8739 	EXP 	text_3: autoDraw = True
80.0743 	DATA 	Mouse:  Left button up, pos=(1019,199)
83.8904 	DATA 	Keypress: w
84.2236 	DATA 	Keypress: a
85.0071 	DATA 	Keypress: t
85.2570 	DATA 	Keypress: e
85.4235 	DATA 	Keypress: r
87.4260 	DATA 	Mouse: Left button down, pos=(1051,194)
87.4408 	EXP 	New trial (rep=0, index=6): {'test': '_o_s_'}
87.4564 	EXP 	text_2: autoDraw = False
87.4564 	EXP 	textbox: autoDraw = False
87.4564 	EXP 	text_3: autoDraw = False
87.4564 	EXP 	text_2: height = 0.05
87.4564 	EXP 	text_2: height = 0.05
87.4564 	EXP 	text_2: height = 0.05
87.4564 	EXP 	text_2: text = '_o_s_'
87.4564 	EXP 	text_2: autoDraw = True
87.4564 	EXP 	textbox: autoDraw = True
87.4564 	EXP 	text_3: autoDraw = True
87.6566 	DATA 	Mouse:  Left button up, pos=(1051,194)
97.4559 	EXP 	New trial (rep=0, index=7): {'test': '_ia_n_'}
97.4716 	EXP 	text_2: autoDraw = False
97.4716 	EXP 	textbox: autoDraw = False
97.4716 	EXP 	text_3: autoDraw = False
97.4716 	EXP 	text_2: height = 0.05
97.4716 	EXP 	text_2: height = 0.05
97.4716 	EXP 	text_2: height = 0.05
97.4716 	EXP 	text_2: text = '_ia_n_'
97.4716 	EXP 	text_2: autoDraw = True
97.4716 	EXP 	textbox: autoDraw = True
97.4716 	EXP 	text_3: autoDraw = True
99.0384 	DATA 	Keypress: p
99.9882 	DATA 	Keypress: i
100.3240 	DATA 	Keypress: a
100.9218 	DATA 	Keypress: n
101.1743 	DATA 	Keypress: o
103.1049 	DATA 	Mouse: Left button down, pos=(991,174)
103.3250 	DATA 	Mouse:  Left button up, pos=(991,174)
104.1545 	DATA 	Mouse: Left button down, pos=(993,194)
104.1559 	EXP 	New trial (rep=0, index=8): {'test': '_ra_n'}
104.1708 	EXP 	text_2: autoDraw = False
104.1708 	EXP 	textbox: autoDraw = False
104.1708 	EXP 	text_3: autoDraw = False
104.1708 	EXP 	text_2: height = 0.05
104.1708 	EXP 	text_2: height = 0.05
104.1708 	EXP 	text_2: height = 0.05
104.1708 	EXP 	text_2: text = '_ra_n'
104.1708 	EXP 	text_2: autoDraw = True
104.1708 	EXP 	textbox: autoDraw = True
104.1708 	EXP 	text_3: autoDraw = True
104.3878 	DATA 	Mouse:  Left button up, pos=(993,194)
108.3206 	DATA 	Keypress: t
108.5706 	DATA 	Keypress: r
108.9205 	DATA 	Keypress: a
109.2537 	DATA 	Keypress: i
109.5205 	DATA 	Keypress: n
110.7036 	DATA 	Mouse: Left button down, pos=(1011,227)
110.7047 	EXP 	New trial (rep=0, index=9): {'test': '_oo_'}
110.7200 	EXP 	text_2: autoDraw = False
110.7200 	EXP 	textbox: autoDraw = False
110.7200 	EXP 	text_3: autoDraw = False
110.7200 	EXP 	text_2: height = 0.05
110.7200 	EXP 	text_2: height = 0.05
110.7200 	EXP 	text_2: height = 0.05
110.7200 	EXP 	text_2: text = '_oo_'
110.7200 	EXP 	text_2: autoDraw = True
110.7200 	EXP 	textbox: autoDraw = True
110.7200 	EXP 	text_3: autoDraw = True
110.9369 	DATA 	Mouse:  Left button up, pos=(1011,227)
112.2227 	DATA 	Keypress: b
112.5867 	DATA 	Keypress: o
112.7892 	DATA 	Keypress: o
113.0366 	DATA 	Keypress: k
114.4200 	DATA 	Mouse: Left button down, pos=(1010,208)
114.4210 	EXP 	New trial (rep=0, index=10): {'test': '_ea_o_'}
114.4362 	EXP 	text_2: autoDraw = False
114.4362 	EXP 	textbox: autoDraw = False
114.4362 	EXP 	text_3: autoDraw = False
114.4362 	EXP 	text_2: height = 0.05
114.4362 	EXP 	text_2: height = 0.05
114.4362 	EXP 	text_2: height = 0.05
114.4362 	EXP 	text_2: text = '_ea_o_'
114.4362 	EXP 	text_2: autoDraw = True
114.4362 	EXP 	textbox: autoDraw = True
114.4362 	EXP 	text_3: autoDraw = True
114.6389 	DATA 	Mouse:  Left button up, pos=(1010,208)
116.8225 	DATA 	Keypress: p
117.1219 	DATA 	Keypress: e
118.1527 	DATA 	Keypress: a
119.5526 	DATA 	Keypress: c
120.0057 	DATA 	Keypress: o
120.4524 	DATA 	Keypress: o
121.7856 	DATA 	Keypress: k
123.2523 	DATA 	Mouse: Left button down, pos=(944,204)
123.2537 	EXP 	New trial (rep=0, index=11): {'test': 'w_t__'}
123.2683 	EXP 	text_2: autoDraw = False
123.2683 	EXP 	textbox: autoDraw = False
123.2683 	EXP 	text_3: autoDraw = False
123.2683 	EXP 	text_2: height = 0.05
123.2683 	EXP 	text_2: height = 0.05
123.2683 	EXP 	text_2: height = 0.05
123.2683 	EXP 	text_2: text = 'w_t__'
123.2683 	EXP 	text_2: autoDraw = True
123.2683 	EXP 	textbox: autoDraw = True
123.2683 	EXP 	text_3: autoDraw = True
123.4686 	DATA 	Mouse:  Left button up, pos=(944,204)
125.0350 	DATA 	Keypress: w
125.4184 	DATA 	Keypress: a
125.7850 	DATA 	Keypress: t
125.9683 	DATA 	Keypress: e
126.2016 	DATA 	Keypress: r
127.6538 	DATA 	Mouse: Left button down, pos=(985,240)
127.6690 	EXP 	New trial (rep=0, index=12): {'test': 'b_g'}
127.6845 	EXP 	text_2: autoDraw = False
127.6845 	EXP 	textbox: autoDraw = False
127.6845 	EXP 	text_3: autoDraw = False
127.6845 	EXP 	text_2: height = 0.05
127.6845 	EXP 	text_2: height = 0.05
127.6845 	EXP 	text_2: height = 0.05
127.6845 	EXP 	text_2: text = 'b_g'
127.6845 	EXP 	text_2: autoDraw = True
127.6845 	EXP 	textbox: autoDraw = True
127.6845 	EXP 	text_3: autoDraw = True
127.8847 	DATA 	Mouse:  Left button up, pos=(985,240)
129.2346 	DATA 	Keypress: b
129.3844 	DATA 	Keypress: a
129.5706 	DATA 	Keypress: g
130.6178 	DATA 	Mouse: Left button down, pos=(973,225)
130.6189 	EXP 	New trial (rep=0, index=13): {'test': 'c_s_h_o_n'}
130.6340 	EXP 	text_2: autoDraw = False
130.6340 	EXP 	textbox: autoDraw = False
130.6340 	EXP 	text_3: autoDraw = False
130.6340 	EXP 	text_2: height = 0.05
130.6340 	EXP 	text_2: height = 0.05
130.6340 	EXP 	text_2: height = 0.05
130.6340 	EXP 	text_2: text = 'c_s_h_o_n'
130.6340 	EXP 	text_2: autoDraw = True
130.6340 	EXP 	textbox: autoDraw = True
130.6340 	EXP 	text_3: autoDraw = True
130.8510 	DATA 	Mouse:  Left button up, pos=(973,225)
132.1675 	DATA 	Keypress: c
132.4508 	DATA 	Keypress: u
133.2508 	DATA 	Keypress: s
133.4840 	DATA 	Keypress: h
133.7006 	DATA 	Keypress: i
133.9039 	DATA 	Keypress: o
134.3839 	DATA 	Keypress: n
135.3836 	DATA 	Mouse: Left button down, pos=(970,220)
135.3846 	EXP 	New trial (rep=0, index=14): {'test': 'p_o_e'}
135.4000 	EXP 	text_2: autoDraw = False
135.4000 	EXP 	textbox: autoDraw = False
135.4000 	EXP 	text_3: autoDraw = False
135.4000 	EXP 	text_2: height = 0.05
135.4000 	EXP 	text_2: height = 0.05
135.4000 	EXP 	text_2: height = 0.05
135.4000 	EXP 	text_2: text = 'p_o_e'
135.4000 	EXP 	text_2: autoDraw = True
135.4000 	EXP 	textbox: autoDraw = True
135.4000 	EXP 	text_3: autoDraw = True
135.6170 	DATA 	Mouse:  Left button up, pos=(970,220)
141.1497 	DATA 	Keypress: p
143.3827 	DATA 	Keypress: e
143.7329 	DATA 	Keypress: o
145.3997 	EXP 	New trial (rep=0, index=15): {'test': 't_g_r'}
145.4155 	EXP 	text_2: autoDraw = False
145.4155 	EXP 	textbox: autoDraw = False
145.4155 	EXP 	text_3: autoDraw = False
145.4155 	EXP 	text_2: height = 0.05
145.4155 	EXP 	text_2: height = 0.05
145.4155 	EXP 	text_2: height = 0.05
145.4155 	EXP 	text_2: text = 't_g_r'
145.4155 	EXP 	text_2: autoDraw = True
145.4155 	EXP 	textbox: autoDraw = True
145.4155 	EXP 	text_3: autoDraw = True
146.0323 	DATA 	Keypress: backspace
146.9490 	DATA 	Keypress: t
147.9823 	DATA 	Keypress: i
148.3855 	DATA 	Keypress: g
148.7989 	DATA 	Keypress: e
148.9653 	DATA 	Keypress: r
150.0654 	DATA 	Mouse: Left button down, pos=(965,218)
150.0669 	EXP 	New trial (rep=0, index=16): {'test': 'd__t_n'}
150.0814 	EXP 	text_2: autoDraw = False
150.0814 	EXP 	textbox: autoDraw = False
150.0814 	EXP 	text_3: autoDraw = False
150.0814 	EXP 	text_2: height = 0.05
150.0814 	EXP 	text_2: height = 0.05
150.0814 	EXP 	text_2: height = 0.05
150.0814 	EXP 	text_2: text = 'd__t_n'
150.0814 	EXP 	text_2: autoDraw = True
150.0814 	EXP 	textbox: autoDraw = True
150.0814 	EXP 	text_3: autoDraw = True
150.2818 	DATA 	Mouse:  Left button up, pos=(965,218)
152.4315 	DATA 	Keypress: d
152.6982 	DATA 	Keypress: u
152.9316 	DATA 	Keypress: s
153.1648 	DATA 	Keypress: t
153.5648 	DATA 	Keypress: i
154.2145 	DATA 	Keypress: n
157.0480 	DATA 	Mouse: Left button down, pos=(977,216)
157.0494 	EXP 	New trial (rep=0, index=17): {'test': '_ar'}
157.0640 	EXP 	text_2: autoDraw = False
157.0640 	EXP 	textbox: autoDraw = False
157.0640 	EXP 	text_3: autoDraw = False
157.0640 	EXP 	text_2: height = 0.05
157.0640 	EXP 	text_2: height = 0.05
157.0640 	EXP 	text_2: height = 0.05
157.0640 	EXP 	text_2: text = '_ar'
157.0640 	EXP 	text_2: autoDraw = True
157.0640 	EXP 	textbox: autoDraw = True
157.0640 	EXP 	text_3: autoDraw = True
157.2677 	DATA 	Mouse:  Left button up, pos=(977,216)
160.3139 	DATA 	Keypress: c
160.4843 	DATA 	Keypress: a
160.6828 	DATA 	Keypress: r
162.1494 	DATA 	Mouse: Left button down, pos=(977,216)
162.1648 	EXP 	New trial (rep=0, index=18): {'test': 'o_a_n_e'}
162.1801 	EXP 	text_2: autoDraw = False
162.1801 	EXP 	textbox: autoDraw = False
162.1801 	EXP 	text_3: autoDraw = False
162.1801 	EXP 	text_2: height = 0.05
162.1801 	EXP 	text_2: height = 0.05
162.1801 	EXP 	text_2: height = 0.05
162.1801 	EXP 	text_2: text = 'o_a_n_e'
162.1801 	EXP 	text_2: autoDraw = True
162.1801 	EXP 	textbox: autoDraw = True
162.1801 	EXP 	text_3: autoDraw = True
162.3636 	DATA 	Mouse:  Left button up, pos=(977,216)
164.5968 	DATA 	Keypress: o
165.0300 	DATA 	Keypress: r
165.9798 	DATA 	Keypress: a
166.3131 	DATA 	Keypress: n
167.3630 	DATA 	Keypress: g
167.5295 	DATA 	Keypress: e
168.8131 	DATA 	Mouse: Left button down, pos=(977,216)
168.8142 	EXP 	New trial (rep=0, index=19): {'test': '_u_'}
168.8291 	EXP 	text_2: autoDraw = False
168.8291 	EXP 	textbox: autoDraw = False
168.8291 	EXP 	text_3: autoDraw = False
168.8291 	EXP 	text_2: height = 0.05
168.8291 	EXP 	text_2: height = 0.05
168.8291 	EXP 	text_2: height = 0.05
168.8291 	EXP 	text_2: text = '_u_'
168.8291 	EXP 	text_2: autoDraw = True
168.8291 	EXP 	textbox: autoDraw = True
168.8291 	EXP 	text_3: autoDraw = True
169.0461 	DATA 	Mouse:  Left button up, pos=(977,216)
170.4459 	DATA 	Keypress: b
170.6959 	DATA 	Keypress: u
170.8958 	DATA 	Keypress: s
172.7956 	DATA 	Mouse: Left button down, pos=(977,216)
172.8120 	EXP 	text_2: autoDraw = False
172.8120 	EXP 	textbox: autoDraw = False
172.8120 	EXP 	text_3: autoDraw = False
172.8915 	EXP 	window1: mouseVisible = True
